{"D:\\Vaibhav_Angular\\Orxe\\checkbox\\packages\\checkboxgroup\\src\\index.ts": {"path":"D:\\Vaibhav_Angular\\Orxe\\checkbox\\packages\\checkboxgroup\\src\\index.ts","statementMap":{},"fnMap":{},"branchMap":{},"s":{},"f":{},"b":{},"_coverageSchema":"1a1c01bbd47fc00a2c39e90264f33305004495a9","hash":"d6a22f33514ab34c7b76bd5aae1ad3e636bbd26f"}
,"D:\\Vaibhav_Angular\\Orxe\\checkbox\\packages\\checkboxgroup\\src\\orxe-checkboxgroup.ts": {"path":"D:\\Vaibhav_Angular\\Orxe\\checkbox\\packages\\checkboxgroup\\src\\orxe-checkboxgroup.ts","statementMap":{"0":{"start":{"line":14,"column":13},"end":{"line":14,"column":18}},"1":{"start":{"line":22,"column":10},"end":{"line":22,"column":20}},"2":{"start":{"line":30,"column":17},"end":{"line":30,"column":32}},"3":{"start":{"line":38,"column":10},"end":{"line":38,"column":12}},"4":{"start":{"line":46,"column":16},"end":{"line":46,"column":26}},"5":{"start":{"line":52,"column":4},"end":{"line":57,"column":6}},"6":{"start":{"line":63,"column":18},"end":{"line":63,"column":24}}},"fnMap":{"0":{"name":"(anonymous_0)","decl":{"start":{"line":51,"column":2},"end":{"line":51,"column":3}},"loc":{"start":{"line":51,"column":11},"end":{"line":58,"column":3}},"line":51}},"branchMap":{},"s":{"0":1,"1":1,"2":1,"3":1,"4":1,"5":2,"6":2},"f":{"0":2},"b":{},"_coverageSchema":"1a1c01bbd47fc00a2c39e90264f33305004495a9","hash":"dfc2c392c48475edbdd6211652c993552b110e52"}
}
