<?xml version="1.0" encoding="UTF-8"?>
<coverage generated="1600939237917" clover="3.2.0">
  <project timestamp="1600939237917" name="All files">
    <metrics statements="33" coveredstatements="28" conditionals="18" coveredconditionals="10" methods="6" coveredmethods="6" elements="57" coveredelements="44" complexity="0" loc="33" ncloc="33" packages="1" files="2" classes="2"/>
    <file name="index.ts" path="D:\Vaibhav_Angular\Orxe\checkbox\packages\singlecheckbox\src\index.ts">
      <metrics statements="0" coveredstatements="0" conditionals="0" coveredconditionals="0" methods="0" coveredmethods="0"/>
    </file>
    <file name="orxe-singlecheckbox.ts" path="D:\Vaibhav_Angular\Orxe\checkbox\packages\singlecheckbox\src\orxe-singlecheckbox.ts">
      <metrics statements="33" coveredstatements="28" conditionals="18" coveredconditionals="10" methods="6" coveredmethods="6"/>
      <line num="19" count="9" type="stmt"/>
      <line num="28" count="9" type="stmt"/>
      <line num="36" count="9" type="stmt"/>
      <line num="44" count="9" type="stmt"/>
      <line num="52" count="9" type="stmt"/>
      <line num="60" count="9" type="stmt"/>
      <line num="63" count="10" type="cond" truecount="1" falsecount="1"/>
      <line num="64" count="10" type="stmt"/>
      <line num="65" count="10" type="cond" truecount="1" falsecount="1"/>
      <line num="66" count="10" type="cond" truecount="1" falsecount="1"/>
      <line num="67" count="0" type="stmt"/>
      <line num="68" count="0" type="stmt"/>
      <line num="71" count="10" type="stmt"/>
      <line num="72" count="10" type="stmt"/>
      <line num="83" count="2" type="stmt"/>
      <line num="84" count="2" type="cond" truecount="2" falsecount="0"/>
      <line num="85" count="1" type="stmt"/>
      <line num="87" count="1" type="stmt"/>
      <line num="96" count="1" type="stmt"/>
      <line num="97" count="1" type="cond" truecount="1" falsecount="1"/>
      <line num="98" count="1" type="stmt"/>
      <line num="106" count="2" type="stmt"/>
      <line num="107" count="2" type="cond" truecount="2" falsecount="0"/>
      <line num="108" count="1" type="stmt"/>
      <line num="110" count="1" type="stmt"/>
      <line num="119" count="10" type="stmt"/>
      <line num="133" count="10" type="cond" truecount="1" falsecount="1"/>
      <line num="134" count="0" type="stmt"/>
      <line num="141" count="10" type="cond" truecount="1" falsecount="1"/>
      <line num="142" count="10" type="stmt"/>
      <line num="149" count="0" type="cond" truecount="0" falsecount="2"/>
      <line num="150" count="0" type="stmt"/>
      <line num="164" count="2" type="stmt"/>
    </file>
  </project>
</coverage>
