{"D:\\Vaibhav_Angular\\Orxe\\checkbox\\packages\\singlecheckbox\\src\\index.ts": {"path":"D:\\Vaibhav_Angular\\Orxe\\checkbox\\packages\\singlecheckbox\\src\\index.ts","statementMap":{},"fnMap":{},"branchMap":{},"s":{},"f":{},"b":{},"_coverageSchema":"1a1c01bbd47fc00a2c39e90264f33305004495a9","hash":"34e21a15e08246bb2a780123ca2f397e495b8768"}
,"D:\\Vaibhav_Angular\\Orxe\\checkbox\\packages\\singlecheckbox\\src\\orxe-singlecheckbox.ts": {"path":"D:\\Vaibhav_Angular\\Orxe\\checkbox\\packages\\singlecheckbox\\src\\orxe-singlecheckbox.ts","statementMap":{"0":{"start":{"line":19,"column":13},"end":{"line":19,"column":18}},"1":{"start":{"line":28,"column":18},"end":{"line":28,"column":37}},"2":{"start":{"line":36,"column":9},"end":{"line":36,"column":19}},"3":{"start":{"line":44,"column":10},"end":{"line":44,"column":17}},"4":{"start":{"line":52,"column":12},"end":{"line":52,"column":17}},"5":{"start":{"line":60,"column":13},"end":{"line":60,"column":18}},"6":{"start":{"line":63,"column":4},"end":{"line":75,"column":5}},"7":{"start":{"line":64,"column":26},"end":{"line":64,"column":69}},"8":{"start":{"line":65,"column":6},"end":{"line":74,"column":7}},"9":{"start":{"line":66,"column":8},"end":{"line":73,"column":9}},"10":{"start":{"line":67,"column":10},"end":{"line":67,"column":58}},"11":{"start":{"line":68,"column":10},"end":{"line":68,"column":60}},"12":{"start":{"line":71,"column":10},"end":{"line":71,"column":50}},"13":{"start":{"line":72,"column":10},"end":{"line":72,"column":61}},"14":{"start":{"line":83,"column":4},"end":{"line":83,"column":69}},"15":{"start":{"line":84,"column":4},"end":{"line":88,"column":5}},"16":{"start":{"line":85,"column":6},"end":{"line":85,"column":53}},"17":{"start":{"line":87,"column":6},"end":{"line":87,"column":52}},"18":{"start":{"line":96,"column":4},"end":{"line":96,"column":70}},"19":{"start":{"line":97,"column":4},"end":{"line":99,"column":5}},"20":{"start":{"line":98,"column":6},"end":{"line":98,"column":53}},"21":{"start":{"line":106,"column":4},"end":{"line":106,"column":74}},"22":{"start":{"line":107,"column":4},"end":{"line":111,"column":5}},"23":{"start":{"line":108,"column":6},"end":{"line":108,"column":58}},"24":{"start":{"line":110,"column":6},"end":{"line":110,"column":57}},"25":{"start":{"line":119,"column":4},"end":{"line":125,"column":3}},"26":{"start":{"line":133,"column":4},"end":{"line":158,"column":5}},"27":{"start":{"line":134,"column":6},"end":{"line":140,"column":6}},"28":{"start":{"line":141,"column":11},"end":{"line":158,"column":5}},"29":{"start":{"line":142,"column":6},"end":{"line":148,"column":6}},"30":{"start":{"line":149,"column":11},"end":{"line":158,"column":5}},"31":{"start":{"line":150,"column":6},"end":{"line":157,"column":6}},"32":{"start":{"line":164,"column":18},"end":{"line":164,"column":24}}},"fnMap":{"0":{"name":"(anonymous_0)","decl":{"start":{"line":62,"column":2},"end":{"line":62,"column":3}},"loc":{"start":{"line":62,"column":17},"end":{"line":76,"column":3}},"line":62},"1":{"name":"(anonymous_1)","decl":{"start":{"line":82,"column":2},"end":{"line":82,"column":3}},"loc":{"start":{"line":82,"column":29},"end":{"line":89,"column":3}},"line":82},"2":{"name":"(anonymous_2)","decl":{"start":{"line":95,"column":2},"end":{"line":95,"column":3}},"loc":{"start":{"line":95,"column":37},"end":{"line":100,"column":3}},"line":95},"3":{"name":"(anonymous_3)","decl":{"start":{"line":105,"column":2},"end":{"line":105,"column":3}},"loc":{"start":{"line":105,"column":35},"end":{"line":112,"column":3}},"line":105},"4":{"name":"(anonymous_4)","decl":{"start":{"line":118,"column":2},"end":{"line":118,"column":3}},"loc":{"start":{"line":118,"column":11},"end":{"line":126,"column":3}},"line":118},"5":{"name":"(anonymous_5)","decl":{"start":{"line":132,"column":2},"end":{"line":132,"column":3}},"loc":{"start":{"line":132,"column":19},"end":{"line":159,"column":3}},"line":132}},"branchMap":{"0":{"loc":{"start":{"line":63,"column":4},"end":{"line":75,"column":5}},"type":"if","locations":[{"start":{"line":63,"column":4},"end":{"line":75,"column":5}},{"start":{"line":63,"column":4},"end":{"line":75,"column":5}}],"line":63},"1":{"loc":{"start":{"line":65,"column":6},"end":{"line":74,"column":7}},"type":"if","locations":[{"start":{"line":65,"column":6},"end":{"line":74,"column":7}},{"start":{"line":65,"column":6},"end":{"line":74,"column":7}}],"line":65},"2":{"loc":{"start":{"line":66,"column":8},"end":{"line":73,"column":9}},"type":"if","locations":[{"start":{"line":66,"column":8},"end":{"line":73,"column":9}},{"start":{"line":66,"column":8},"end":{"line":73,"column":9}}],"line":66},"3":{"loc":{"start":{"line":84,"column":4},"end":{"line":88,"column":5}},"type":"if","locations":[{"start":{"line":84,"column":4},"end":{"line":88,"column":5}},{"start":{"line":84,"column":4},"end":{"line":88,"column":5}}],"line":84},"4":{"loc":{"start":{"line":97,"column":4},"end":{"line":99,"column":5}},"type":"if","locations":[{"start":{"line":97,"column":4},"end":{"line":99,"column":5}},{"start":{"line":97,"column":4},"end":{"line":99,"column":5}}],"line":97},"5":{"loc":{"start":{"line":107,"column":4},"end":{"line":111,"column":5}},"type":"if","locations":[{"start":{"line":107,"column":4},"end":{"line":111,"column":5}},{"start":{"line":107,"column":4},"end":{"line":111,"column":5}}],"line":107},"6":{"loc":{"start":{"line":133,"column":4},"end":{"line":158,"column":5}},"type":"if","locations":[{"start":{"line":133,"column":4},"end":{"line":158,"column":5}},{"start":{"line":133,"column":4},"end":{"line":158,"column":5}}],"line":133},"7":{"loc":{"start":{"line":141,"column":11},"end":{"line":158,"column":5}},"type":"if","locations":[{"start":{"line":141,"column":11},"end":{"line":158,"column":5}},{"start":{"line":141,"column":11},"end":{"line":158,"column":5}}],"line":141},"8":{"loc":{"start":{"line":149,"column":11},"end":{"line":158,"column":5}},"type":"if","locations":[{"start":{"line":149,"column":11},"end":{"line":158,"column":5}},{"start":{"line":149,"column":11},"end":{"line":158,"column":5}}],"line":149}},"s":{"0":9,"1":9,"2":9,"3":9,"4":9,"5":9,"6":10,"7":10,"8":10,"9":10,"10":0,"11":0,"12":10,"13":10,"14":2,"15":2,"16":1,"17":1,"18":1,"19":1,"20":1,"21":2,"22":2,"23":1,"24":1,"25":10,"26":10,"27":0,"28":10,"29":10,"30":0,"31":0,"32":2},"f":{"0":10,"1":2,"2":1,"3":2,"4":10,"5":10},"b":{"0":[10,0],"1":[10,0],"2":[0,10],"3":[1,1],"4":[1,0],"5":[1,1],"6":[0,10],"7":[10,0],"8":[0,0]},"_coverageSchema":"1a1c01bbd47fc00a2c39e90264f33305004495a9","hash":"44c37798c2a4ff246b901bc74d5c04e0d2a68160"}
}
