TN:
SF:src\index.ts
FNF:0
FNH:0
LF:0
LH:0
BRF:0
BRH:0
end_of_record
TN:
SF:src\orxe-singlecheckbox.ts
FN:62,(anonymous_0)
FN:82,(anonymous_1)
FN:95,(anonymous_2)
FN:105,(anonymous_3)
FN:118,(anonymous_4)
FN:132,(anonymous_5)
FNF:6
FNH:6
FNDA:10,(anonymous_0)
FNDA:2,(anonymous_1)
FNDA:1,(anonymous_2)
FNDA:2,(anonymous_3)
FNDA:10,(anonymous_4)
FNDA:10,(anonymous_5)
DA:19,9
DA:28,9
DA:36,9
DA:44,9
DA:52,9
DA:60,9
DA:63,10
DA:64,10
DA:65,10
DA:66,10
DA:67,0
DA:68,0
DA:71,10
DA:72,10
DA:83,2
DA:84,2
DA:85,1
DA:87,1
DA:96,1
DA:97,1
DA:98,1
DA:106,2
DA:107,2
DA:108,1
DA:110,1
DA:119,10
DA:133,10
DA:134,0
DA:141,10
DA:142,10
DA:149,0
DA:150,0
DA:164,2
LF:33
LH:28
BRDA:63,0,0,10
BRDA:63,0,1,0
BRDA:65,1,0,10
BRDA:65,1,1,0
BRDA:66,2,0,0
BRDA:66,2,1,10
BRDA:84,3,0,1
BRDA:84,3,1,1
BRDA:97,4,0,1
BRDA:97,4,1,0
BRDA:107,5,0,1
BRDA:107,5,1,1
BRDA:133,6,0,0
BRDA:133,6,1,10
BRDA:141,7,0,10
BRDA:141,7,1,0
BRDA:149,8,0,0
BRDA:149,8,1,0
BRF:18
BRH:10
end_of_record
